
SQL*Loader: Release 11.2.0.3.0 - Production on Wed Aug 8 16:27:19 2012

Copyright (c) 1982, 2011, Oracle and/or its affiliates.  All rights reserved.

Control File:   par_txn_data.ctl
Data File:      /home/php3dev/Doc/parallel_run/data_files/merchant_txn_20120710.csv
  Bad File:     merchant_txn_20120710.bad
  Discard File:  none specified
 
 (Allow all discards)

Number to load: ALL
Number to skip: 0
Errors allowed: 50
Bind array:     64 rows, maximum of 256000 bytes
Continuation:    none specified
Path used:      Conventional

Table PAR_TXN_DATA, loaded from every logical record.
Insert option in effect for this table: APPEND
TRAILING NULLCOLS option in effect

   Column Name                  Position   Len  Term Encl Datatype
------------------------------ ---------- ----- ---- ---- ---------------------
PTD_TXN_SEQ                         FIRST     *   ,  O(") CHARACTER            
    SQL string for column : "decode(:ptd_txn_seq, 'NULL', NULL, :ptd_txn_seq)"
PTD_POST_DATE                        NEXT     *   ,  O(") CHARACTER            
    SQL string for column : "to_date(decode(:ptd_post_date, 'NULL', NULL, :ptd_post_date), 'YYYY/MM/DD HH24:MI:SS')"
PTD_TXN_DATE                         NEXT     *   ,  O(") CHARACTER            
    SQL string for column : "to_date(decode(:ptd_txn_date, 'NULL', NULL, :ptd_txn_date), 'YYYY/MM/DD HH24:MI:SS')"
PTD_TXN_MERCH_NMB                    NEXT     *   ,  O(") CHARACTER            
    SQL string for column : "decode(:ptd_txn_merch_nmb, 'NULL', NULL, :ptd_txn_merch_nmb)"
PTD_TXN_NMB                          NEXT     *   ,  O(") CHARACTER            
    SQL string for column : "decode(:ptd_txn_nmb, 'NULL', NULL, :ptd_txn_nmb)"
PTD_MERCH_REF                        NEXT     *   ,  O(") CHARACTER            
    SQL string for column : "decode(:ptd_merch_ref, 'NULL', NULL, :ptd_merch_ref)"
PTD_TXN_TYPE                         NEXT     *   ,  O(") CHARACTER            
    SQL string for column : "decode(:ptd_txn_type, 'NULL', NULL, :ptd_txn_type)"
PTD_TXN_STATUS                       NEXT     *   ,  O(") CHARACTER            
    SQL string for column : "decode(:ptd_txn_status, 'NULL', NULL, :ptd_txn_status)"
PTD_TXN_STATUS_GROUP                 NEXT     *   ,  O(") CHARACTER            
    SQL string for column : "decode(:ptd_txn_status_group, 'NULL', NULL, :ptd_txn_status_group)"
PTD_TO_CCY                           NEXT     *   ,  O(") CHARACTER            
    SQL string for column : "decode(:ptd_to_ccy, 'NULL', NULL, :ptd_to_ccy)"
PTD_TO_AMOUNT                        NEXT     *   ,  O(") CHARACTER            
    SQL string for column : "decode(:ptd_to_amount, 'NULL', NULL, :ptd_to_amount)"
PTD_CCY                              NEXT     *   ,  O(") CHARACTER            
    SQL string for column : "decode(:ptd_ccy, 'NULL', NULL, :ptd_ccy)"
PTD_AMOUNT                           NEXT     *   ,  O(") CHARACTER            
    SQL string for column : "decode(:ptd_amount, 'NULL', NULL, :ptd_amount)"
PTD_FEE                              NEXT     *   ,  O(") CHARACTER            
    SQL string for column : "decode(:ptd_fee, 'NULL', NULL, :ptd_fee)"
PTD_EX_RATE                          NEXT     *   ,  O(") CHARACTER            
    SQL string for column : "decode(:ptd_ex_rate, 'NULL', NULL, :ptd_ex_rate)"
PTD_MARKUP_AMT                       NEXT     *   ,  O(") CHARACTER            
    SQL string for column : "decode(:ptd_markup_amt, 'NULL', NULL, :ptd_markup_amt)"
PTD_PSP_TYPE_CODE                    NEXT     *   ,  O(") CHARACTER            
    SQL string for column : "decode(:ptd_psp_type_code, 'NULL', NULL, :ptd_psp_type_code)"
PTD_ORDER_ID                         NEXT     *   ,  O(") CHARACTER            
    SQL string for column : "decode(:ptd_order_id, 'NULL', NULL, :ptd_order_id)"
PTD_GATE_ID                          NEXT     *   ,  O(") CHARACTER            
    SQL string for column : "decode(:ptd_gate_id, 'NULL', NULL, :ptd_gate_id)"
PTD_CLIENT_IP                        NEXT     *  WHT O(") CHARACTER            
    SQL string for column : "decode(:ptd_client_ip, 'NULL', NULL, :ptd_client_ip)"
PTD_CREATE_TIMESTAMP                                      SYSDATE
PTD_CREATE_USER                                           CONSTANT
    Value is 'SYSTEM'
PTD_UPDATE_TIMESTAMP                                      SYSDATE
PTD_UPDATE_USER                                           CONSTANT
    Value is 'SYSTEM'
PTD_PROC_STATUS                      NEXT     *   ,  O(") CHARACTER            

value used for ROWS parameter changed from 64 to 47

Table PAR_TXN_DATA:
  62332 Rows successfully loaded.
  0 Rows not loaded due to data errors.
  0 Rows not loaded because all WHEN clauses were failed.
  0 Rows not loaded because all fields were null.


Space allocated for bind array:                 255304 bytes(47 rows)
Read   buffer bytes: 1048576

Total logical records skipped:          0
Total logical records read:         62332
Total logical records rejected:         0
Total logical records discarded:        0

Run began on Wed Aug 08 16:27:19 2012
Run ended on Wed Aug 08 16:27:37 2012

Elapsed time was:     00:00:18.29
CPU time was:         00:00:02.23
