
SQL*Loader: Release 11.2.0.3.0 - Production on Fri May 8 15:35:21 2015

Copyright (c) 1982, 2011, Oracle and/or its affiliates.  All rights reserved.

Control File:   txn_engine_baid.ctl
Data File:      txn_engine_baid7.txt
  Bad File:     txn_engine_baid7.bad
  Discard File:  none specified
 
 (Allow all discards)

Number to load: ALL
Number to skip: 0
Errors allowed: 50
Bind array:     64 rows, maximum of 256000 bytes
Continuation:    none specified
Path used:      Conventional

Table OL_TXN_ENGINE_BAID_NATURE, loaded from every logical record.
Insert option in effect for this table: APPEND

   Column Name                  Position   Len  Term Encl Datatype
------------------------------ ---------- ----- ---- ---- ---------------------
OTE_ACTIVITY                        FIRST     *   |       CHARACTER            
OTE_BANK_STMT_TYPE                   NEXT     *   |       CHARACTER            
OTE_CHANNEL                          NEXT     *   |       CHARACTER            
OTE_TRIGGER_TYPE                     NEXT     *   |       CHARACTER            
OTE_BAID_NATURE                      NEXT     *   |       CHARACTER            
OTE_BAID_CATEGORY                    NEXT     *   |       CHARACTER            
OTE_PARTY_TYPE                       NEXT     *   |       CHARACTER            
OTE_CREATE_TIMESTAMP                                      SYSDATE
OTE_UPDATE_TIMESTAMP                                      SYSDATE
OTE_CREATE_USER                      NEXT     *   |       CHARACTER            
OTE_UPDATE_USER                      NEXT     *   |       CHARACTER            


Table OL_TXN_ENGINE_BAID_NATURE:
  8 Rows successfully loaded.
  0 Rows not loaded due to data errors.
  0 Rows not loaded because all WHEN clauses were failed.
  0 Rows not loaded because all fields were null.


Space allocated for bind array:                 148608 bytes(64 rows)
Read   buffer bytes: 1048576

Total logical records skipped:          0
Total logical records read:             8
Total logical records rejected:         0
Total logical records discarded:        0

Run began on Fri May 08 15:35:21 2015
Run ended on Fri May 08 15:35:22 2015

Elapsed time was:     00:00:00.31
CPU time was:         00:00:00.04
