
SQL*Loader: Release 11.2.0.3.0 - Production on Fri May 8 16:00:00 2015

Copyright (c) 1982, 2011, Oracle and/or its affiliates.  All rights reserved.

Control File:   txn_eng_act_list.ctl
Data File:      txn_eng_act_list8.txt
  Bad File:     txn_eng_act_list8.bad
  Discard File:  none specified
 
 (Allow all discards)

Number to load: ALL
Number to skip: 0
Errors allowed: 50
Bind array:     64 rows, maximum of 256000 bytes
Continuation:    none specified
Path used:      Conventional

Table OL_TXN_ENGINE_ACTION_LIST, loaded from every logical record.
Insert option in effect for this table: APPEND

   Column Name                  Position   Len  Term Encl Datatype
------------------------------ ---------- ----- ---- ---- ---------------------
EAL_ACTION_DETAIL_ID                FIRST     *   |       CHARACTER            
EAL_ACTION_DESC                      NEXT     *   |       CHARACTER            
EAL_ACTION_TYPE                      NEXT     *   |       CHARACTER            
EAL_ACTION_LEVEL                     NEXT     *   |       CHARACTER            
EAL_AFTER_STATUS_RULE                NEXT     *   |       CHARACTER            
EAL_BAL_RULE                         NEXT     *   |       CHARACTER            
EAL_TXN_AMT_TAG                      NEXT     *   |       CHARACTER            
EAL_CREATE_TIMESTAMP                                      SYSDATE
EAL_UPDATE_TIMESTAMP                                      SYSDATE
EAL_CREATE_USER                      NEXT     *   |       CHARACTER            
EAL_UPDATE_USER                      NEXT     *   |       CHARACTER            

Record 2: Rejected - Error on table OL_TXN_ENGINE_ACTION_LIST.
ORA-00001: unique constraint (PHUSER.OL_TXN_ENGINE_ACTION_LIST_PK) violated

Record 7: Rejected - Error on table OL_TXN_ENGINE_ACTION_LIST.
ORA-00001: unique constraint (PHUSER.OL_TXN_ENGINE_ACTION_LIST_PK) violated

Record 8: Rejected - Error on table OL_TXN_ENGINE_ACTION_LIST.
ORA-00001: unique constraint (PHUSER.OL_TXN_ENGINE_ACTION_LIST_PK) violated


Table OL_TXN_ENGINE_ACTION_LIST:
  5 Rows successfully loaded.
  3 Rows not loaded due to data errors.
  0 Rows not loaded because all WHEN clauses were failed.
  0 Rows not loaded because all fields were null.


Space allocated for bind array:                 148608 bytes(64 rows)
Read   buffer bytes: 1048576

Total logical records skipped:          0
Total logical records read:             8
Total logical records rejected:         3
Total logical records discarded:        0

Run began on Fri May 08 16:00:00 2015
Run ended on Fri May 08 16:00:00 2015

Elapsed time was:     00:00:00.10
CPU time was:         00:00:00.04
