
SQL*Loader: Release 11.2.0.3.0 - Production on Wed Aug 8 09:56:15 2012

Copyright (c) 1982, 2011, Oracle and/or its affiliates.  All rights reserved.

Control File:   par_payout_status.ctl
Data File:      par_payout_status.txt
  Bad File:     par_payout_status.bad
  Discard File:  none specified
 
 (Allow all discards)

Number to load: ALL
Number to skip: 0
Errors allowed: 50
Bind array:     64 rows, maximum of 256000 bytes
Continuation:    none specified
Path used:      Conventional

Table PAR_PAYOUT_STATUS, loaded from every logical record.
Insert option in effect for this table: APPEND

   Column Name                  Position   Len  Term Encl Datatype
------------------------------ ---------- ----- ---- ---- ---------------------
PS_TYPE                             FIRST     *   |       CHARACTER            
PS_STATUS                            NEXT     *   |       CHARACTER            
PS_STATUS_ID                         NEXT     *   |       CHARACTER            
PS_CREATE_TIMESTAMP                                       SYSDATE
PS_CREATE_USER                                            CONSTANT
    Value is 'SYSTEM'
PS_UPDATE_TIMESTAMP                                       SYSDATE
PS_UPDATE_USER                                            CONSTANT
    Value is 'SYSTEM'


Table PAR_PAYOUT_STATUS:
  12 Rows successfully loaded.
  0 Rows not loaded due to data errors.
  0 Rows not loaded because all WHEN clauses were failed.
  0 Rows not loaded because all fields were null.


Space allocated for bind array:                  50432 bytes(64 rows)
Read   buffer bytes: 1048576

Total logical records skipped:          0
Total logical records read:            12
Total logical records rejected:         0
Total logical records discarded:        0

Run began on Wed Aug 08 09:56:15 2012
Run ended on Wed Aug 08 09:56:15 2012

Elapsed time was:     00:00:00.31
CPU time was:         00:00:00.03
