
SQL*Loader: Release 11.2.0.3.0 - Production on Tue Jun 23 09:56:07 2015

Copyright (c) 1982, 2011, Oracle and/or its affiliates.  All rights reserved.

Control File:   ol_def_unknown_txncode.ctl
Data File:      ol_def_unknown_txncode.ctl
  Bad File:     ol_def_unknown_txncode.bad
  Discard File:  none specified
 
 (Allow all discards)

Number to load: ALL
Number to skip: 0
Errors allowed: 50
Bind array:     64 rows, maximum of 256000 bytes
Continuation:    none specified
Path used:      Conventional

Table OL_DEF_UNKNOWN_TXNCODE, loaded from every logical record.
Insert option in effect for this table: APPEND

   Column Name                  Position   Len  Term Encl Datatype
------------------------------ ---------- ----- ---- ---- ---------------------
OUC_CODE                            FIRST     *   |       CHARACTER            
OUC_CREATE_TIMESTAMP                                      SYSDATE
OUC_UPDATE_TIMESTAMP                                      SYSDATE
OUC_CREATE_USER                      NEXT     *   |       CHARACTER            
OUC_UPDATE_USER                      NEXT     *   |       CHARACTER            


Table OL_DEF_UNKNOWN_TXNCODE:
  4 Rows successfully loaded.
  0 Rows not loaded due to data errors.
  0 Rows not loaded because all WHEN clauses were failed.
  0 Rows not loaded because all fields were null.


Space allocated for bind array:                  49536 bytes(64 rows)
Read   buffer bytes: 1048576

Total logical records skipped:          0
Total logical records read:             4
Total logical records rejected:         0
Total logical records discarded:        0

Run began on Tue Jun 23 09:56:07 2015
Run ended on Tue Jun 23 09:56:07 2015

Elapsed time was:     00:00:00.20
CPU time was:         00:00:00.03
