
SQL*Loader: Release 11.2.0.3.0 - Production on Thu Jul 12 14:37:08 2012

Copyright (c) 1982, 2011, Oracle and/or its affiliates.  All rights reserved.

Control File:   par_def_misc.ctl
Data File:      par_def_misc.txt.prd
  Bad File:     par_def_misc.txt.bad
  Discard File:  none specified
 
 (Allow all discards)

Number to load: ALL
Number to skip: 0
Errors allowed: 50
Bind array:     64 rows, maximum of 256000 bytes
Continuation:    none specified
Path used:      Conventional

Table PAR_DEF_MISC, loaded from every logical record.
Insert option in effect for this table: APPEND

   Column Name                  Position   Len  Term Encl Datatype
------------------------------ ---------- ----- ---- ---- ---------------------
PDM_CODE                            FIRST     *   |       CHARACTER            
PDM_DESC                             NEXT     *   |       CHARACTER            
PDM_VALUE                            NEXT     *   |       CHARACTER            
PDM_CREATE_TIMESTAMP                                      SYSDATE
PDM_CREATE_USER                                           CONSTANT
    Value is 'SYSTEM'
PDM_UPDATE_TIMESTAMP                                      SYSDATE
PDM_UPDATE_USER                                           CONSTANT
    Value is 'SYSTEM'


Table PAR_DEF_MISC:
  3 Rows successfully loaded.
  0 Rows not loaded due to data errors.
  0 Rows not loaded because all WHEN clauses were failed.
  0 Rows not loaded because all fields were null.


Space allocated for bind array:                  50432 bytes(64 rows)
Read   buffer bytes: 1048576

Total logical records skipped:          0
Total logical records read:             3
Total logical records rejected:         0
Total logical records discarded:        0

Run began on Thu Jul 12 14:37:08 2012
Run ended on Thu Jul 12 14:37:08 2012

Elapsed time was:     00:00:00.09
CPU time was:         00:00:00.02
