
SQL*Loader: Release 11.2.0.3.0 - Production on Mon Feb 17 10:12:35 2014

Copyright (c) 1982, 2011, Oracle and/or its affiliates.  All rights reserved.

Control File:   TMP_CRR_CARRY_OLD_BALANCE_DATA_TABLE.ctl
Data File:      TMP_CRR_CARRY_OLD_BALANCE_DATA_TABLE.ldr
  Bad File:     TMP_CRR_CARRY_OLD_BALANCE_DATA_TABLE.bad
  Discard File:  none specified
 
 (Allow all discards)

Number to load: ALL
Number to skip: 0
Errors allowed: 50
Bind array:     64 rows, maximum of 256000 bytes
Continuation:    none specified
Path used:      Conventional

Table "TMP_CRR_CARRY_OLD_BALANCE", loaded from every logical record.
Insert option in effect for this table: INSERT
TRAILING NULLCOLS option in effect

   Column Name                  Position   Len  Term Encl Datatype
------------------------------ ---------- ----- ---- ---- ---------------------
"OB_LINE"                                                 RECNUM
"OB_GL_CODE"                        FIRST     *   |  O(") CHARACTER            
                                                      O(")
"OB_GL_NAME"                         NEXT     *   |  O(") CHARACTER            
                                                      O(")
"OB_SL_CODE"                         NEXT     *   |  O(") CHARACTER            
                                                      O(")
"OB_SL_NAME"                         NEXT     *   |  O(") CHARACTER            
                                                      O(")
"OB_PRODUCT_CODE"                    NEXT     *   |  O(") CHARACTER            
                                                      O(")
    SQL string for column : "decode(upper(:OB_PRODUCT_CODE),'GATEWAY','GTY','HYBRID','HBD','OFFLINE','OFF','MOBILE','MBE','VOUCHER','VHR','WEBATM','WAM','SHARED','SHR','')"
"OB_COUNTRY_CODE"                    NEXT     *   |  O(") CHARACTER            
                                                      O(")
    SQL string for column : "decode(upper(:OB_COUNTRY_CODE),'CHINA','CN','TAIWAN','TW','')"
"OB_CR_IND"                          NEXT     *   |  O(") CHARACTER            
                                                      O(")
    SQL string for column : "decode(upper(:OB_CR_IND),'CREDIT','C','DEBIT','D','')"
"OB_CURRENCY_ID"                     NEXT     *   |  O(") CHARACTER            
                                                      O(")
    SQL string for column : "decode(upper(:OB_CURRENCY_ID),'RMB','CNY',upper(:OB_CURRENCY_ID))"
"OB_CMS_BAL"                         NEXT     *   |  O(") CHARACTER            
                                                      O(")
    SQL string for column : "replace(:OB_CMS_BAL,',')"
"OB_CMS_BAL_HKD"                     NEXT     *   |  O(") CHARACTER            
                                                      O(")
    SQL string for column : "replace(:OB_CMS_BAL_HKD,',')"
"OB_FX_RATE"                         NEXT     *   |  O(") CHARACTER            
                                                      O(")
    SQL string for column : "abs(replace(:OB_FX_RATE,','))"
"OB_FINISHED"                                             CONSTANT
    Value is 'N'

Record 1: Rejected - Error on table "TMP_CRR_CARRY_OLD_BALANCE", column "OB_CURRENCY_ID".
ORA-12899: value too large for column "PHUSER"."TMP_CRR_CARRY_OLD_BALANCE"."OB_CURRENCY_ID" (actual: 8, maximum: 3)

Record 372: Rejected - Error on table "TMP_CRR_CARRY_OLD_BALANCE", column "OB_CURRENCY_ID".
ORA-12899: value too large for column "PHUSER"."TMP_CRR_CARRY_OLD_BALANCE"."OB_CURRENCY_ID" (actual: 10, maximum: 3)

Record 373: Rejected - Error on table "TMP_CRR_CARRY_OLD_BALANCE", column "OB_CURRENCY_ID".
ORA-12899: value too large for column "PHUSER"."TMP_CRR_CARRY_OLD_BALANCE"."OB_CURRENCY_ID" (actual: 41, maximum: 3)

Record 374: Rejected - Error on table "TMP_CRR_CARRY_OLD_BALANCE", column "OB_CURRENCY_ID".
ORA-12899: value too large for column "PHUSER"."TMP_CRR_CARRY_OLD_BALANCE"."OB_CURRENCY_ID" (actual: 38, maximum: 3)

Record 376: Rejected - Error on table "TMP_CRR_CARRY_OLD_BALANCE", column "OB_FX_RATE".
ORA-01722: invalid number


Table "TMP_CRR_CARRY_OLD_BALANCE":
  376 Rows successfully loaded.
  5 Rows not loaded due to data errors.
  0 Rows not loaded because all WHEN clauses were failed.
  0 Rows not loaded because all fields were null.


Space allocated for bind array:                 183232 bytes(64 rows)
Read   buffer bytes: 1048576

Total logical records skipped:          0
Total logical records read:           381
Total logical records rejected:         5
Total logical records discarded:        0

Run began on Mon Feb 17 10:12:35 2014
Run ended on Mon Feb 17 10:12:35 2014

Elapsed time was:     00:00:00.17
CPU time was:         00:00:00.03
