
SQL*Loader: Release 11.2.0.3.0 - Production on Tue Jun 16 18:14:35 2015

Copyright (c) 1982, 2011, Oracle and/or its affiliates.  All rights reserved.

Control File:   detail.ctl
Data File:      detail.txt
  Bad File:     detail.bad
  Discard File:  none specified
 
 (Allow all discards)

Number to load: ALL
Number to skip: 0
Errors allowed: 50
Bind array:     64 rows, maximum of 256000 bytes
Continuation:    none specified
Path used:      Conventional

Table OL_PAYOUT_GENERATED_FILE_DT_PD, loaded from every logical record.
Insert option in effect for this table: APPEND

   Column Name                  Position   Len  Term Encl Datatype
------------------------------ ---------- ----- ---- ---- ---------------------
OFD_FILE_ID                         FIRST     *   |       CHARACTER            
OFD_BATCH_ID                         NEXT     *   |       CHARACTER            
OFD_SEQ_NUM                          NEXT     *   |       CHARACTER            
OFD_UPLOAD_TXN_ID                    NEXT     *   |       CHARACTER            
OFD_TXN_ID                           NEXT     *   |       CHARACTER            
OFD_AUX_TXN_ID                       NEXT     *   |       CHARACTER            
OFD_STATUS                           NEXT     *   |       CHARACTER            
OFD_MERCHANT_REF                     NEXT     *   |       CHARACTER            
OFD_COUNTRY                          NEXT     *   |       CHARACTER            
OFD_IDENTITY_ID                      NEXT     *   |       CHARACTER            
OFD_ACCOUNT_NUM                      NEXT     *   |       CHARACTER            
OFD_ACCOUNT_NAME                     NEXT     *   |       CHARACTER            
OFD_BANK_NAME                        NEXT     *   |       CHARACTER            
OFD_BANK_CODE                        NEXT     *   |       CHARACTER            
OFD_BRANCH                           NEXT     *   |       CHARACTER            
OFD_PHONE_NUM                        NEXT     *   |       CHARACTER            
OFD_PROVINCE                         NEXT     *   |       CHARACTER            
OFD_CITY                             NEXT     *   |       CHARACTER            
OFD_PAYOUT_AMOUNT                    NEXT     *   |       CHARACTER            
OFD_REQUEST_AMOUNT                   NEXT     *   |       CHARACTER            
OFD_PAYOUT_CURRENCY                  NEXT     *   |       CHARACTER            
OFD_REQUEST_CURRENCY                 NEXT     *   |       CHARACTER            
OFD_CREATE_TIMESTAMP                                      SYSDATE
OFD_UPDATE_TIMESTAMP                                      SYSDATE
OFD_UNIQUE_AMOUNT                    NEXT     *   |       CHARACTER            
OFD_VERSION_NO                       NEXT     *   |       CHARACTER            

value used for ROWS parameter changed from 64 to 41

Table OL_PAYOUT_GENERATED_FILE_DT_PD:
  6 Rows successfully loaded.
  0 Rows not loaded due to data errors.
  0 Rows not loaded because all WHEN clauses were failed.
  0 Rows not loaded because all fields were null.


Space allocated for bind array:                 253872 bytes(41 rows)
Read   buffer bytes: 1048576

Total logical records skipped:          0
Total logical records read:             6
Total logical records rejected:         0
Total logical records discarded:        0

Run began on Tue Jun 16 18:14:35 2015
Run ended on Tue Jun 16 18:14:36 2015

Elapsed time was:     00:00:00.39
CPU time was:         00:00:00.03
