
SQL*Loader: Release 11.2.0.3.0 - Production on Fri May 8 16:02:02 2015

Copyright (c) 1982, 2011, Oracle and/or its affiliates.  All rights reserved.

Control File:   txn_engine_txncode_map.ctl
Data File:      txn_engine_txncode_map11.txt
  Bad File:     txn_engine_txncode_map11.bad
  Discard File:  none specified
 
 (Allow all discards)

Number to load: ALL
Number to skip: 0
Errors allowed: 50
Bind array:     64 rows, maximum of 256000 bytes
Continuation:    none specified
Path used:      Conventional

Table OL_TXN_ENGINE_TXNCODE_MAP, loaded from every logical record.
Insert option in effect for this table: APPEND

   Column Name                  Position   Len  Term Encl Datatype
------------------------------ ---------- ----- ---- ---- ---------------------
ETM_ACTION_DETAIL_ID                FIRST     *   |       CHARACTER            
ETM_FR_ACCT_TYPE                     NEXT     *   |       CHARACTER            
ETM_TO_ACCT_TYPE                     NEXT     *   |       CHARACTER            
ETM_ORG_TXN_CODE                     NEXT     *   |       CHARACTER            
ETM_NEW_TXN_CODE                     NEXT     *   |       CHARACTER            
ETM_CREATE_TIMESTAMP                                      SYSDATE
ETM_UPDATE_TIMESTAMP                                      SYSDATE
ETM_CREATE_USER                      NEXT     *   |       CHARACTER            
ETM_UPDATE_USER                      NEXT     *   |       CHARACTER            


Table OL_TXN_ENGINE_TXNCODE_MAP:
  16 Rows successfully loaded.
  0 Rows not loaded due to data errors.
  0 Rows not loaded because all WHEN clauses were failed.
  0 Rows not loaded because all fields were null.


Space allocated for bind array:                 115584 bytes(64 rows)
Read   buffer bytes: 1048576

Total logical records skipped:          0
Total logical records read:            16
Total logical records rejected:         0
Total logical records discarded:        0

Run began on Fri May 08 16:02:02 2015
Run ended on Fri May 08 16:02:02 2015

Elapsed time was:     00:00:00.23
CPU time was:         00:00:00.02
