
SQL*Loader: Release 11.2.0.3.0 - Production on Thu Feb 26 17:47:15 2015

Copyright (c) 1982, 2011, Oracle and/or its affiliates.  All rights reserved.

Control File:   init.ctl
Data File:      init.txt
  Bad File:     init.bad
  Discard File:  none specified
 
 (Allow all discards)

Number to load: ALL
Number to skip: 0
Errors allowed: 50
Bind array:     64 rows, maximum of 256000 bytes
Continuation:    none specified
Path used:      Conventional

Table OL_DEF_SUB_PROVIDER, loaded from every logical record.
Insert option in effect for this table: APPEND

   Column Name                  Position   Len  Term Encl Datatype
------------------------------ ---------- ----- ---- ---- ---------------------
OSP_SUB_PROVIDER_ID                 FIRST     *   |       CHARACTER            
OSP_SUB_PROVIDER_NAME                NEXT     *   |       CHARACTER            
OSP_DISABLED                         NEXT     *   |       CHARACTER            
OSP_CREATE_TIMESTAMP                                      SYSDATE
OSP_UPDATE_TIMESTAMP                                      SYSDATE
OSP_CREATE_USER                      NEXT     *   |       CHARACTER            
OSP_UPDATE_USER                      NEXT     *   |       CHARACTER            


Table OL_DEF_SUB_PROVIDER:
  3 Rows successfully loaded.
  0 Rows not loaded due to data errors.
  0 Rows not loaded because all WHEN clauses were failed.
  0 Rows not loaded because all fields were null.


Space allocated for bind array:                  82560 bytes(64 rows)
Read   buffer bytes: 1048576

Total logical records skipped:          0
Total logical records read:             3
Total logical records rejected:         0
Total logical records discarded:        0

Run began on Thu Feb 26 17:47:15 2015
Run ended on Thu Feb 26 17:47:16 2015

Elapsed time was:     00:00:00.48
CPU time was:         00:00:00.02
