
SQL*Loader: Release 11.2.0.3.0 - Production on Tue May 19 10:20:41 2015

Copyright (c) 1982, 2011, Oracle and/or its affiliates.  All rights reserved.

Control File:   baid_txn_code_mapping.ctl
Data File:      baid_txn_code_mapping.ctl
  Bad File:     baid_txn_code_mapping.bad
  Discard File:  none specified
 
 (Allow all discards)

Number to load: ALL
Number to skip: 0
Errors allowed: 50
Bind array:     64 rows, maximum of 256000 bytes
Continuation:    none specified
Path used:      Conventional

Table OL_BAID_TXN_CODE_MAPPING, loaded from every logical record.
Insert option in effect for this table: APPEND

   Column Name                  Position   Len  Term Encl Datatype
------------------------------ ---------- ----- ---- ---- ---------------------
OBTM_BANK_ACCT_TYPE                 FIRST     *   |       CHARACTER            
OBTM_CODE                            NEXT     *   |       CHARACTER            
OBTM_RANGE                           NEXT     *   |       CHARACTER            
OBTM_KEYWORDS                        NEXT     *   |       CHARACTER            
OBTM_DEFAULT                         NEXT     *   |       CHARACTER            
OBTM_PRIORITY                        NEXT     *   |       CHARACTER            
OBTM_FULL_MATCH                      NEXT     *   |       CHARACTER            
OBTM_HOLD_CREDIT_SIDE                NEXT     *   |       CHARACTER            
OBTM_REAL_TIME_POST                  NEXT     *   |       CHARACTER            
OBTM_UPDATE_BAL                      NEXT     *   |       CHARACTER            
OBTM_CREATE_TIMESTAMP                                     SYSDATE
OBTM_CREATE_USER                     NEXT     *   |       CHARACTER            
OBTM_UPDATE_TIMESTAMP                                     SYSDATE
OBTM_UPDATE_USER                     NEXT     *   |       CHARACTER            


Table OL_BAID_TXN_CODE_MAPPING:
  4 Rows successfully loaded.
  0 Rows not loaded due to data errors.
  0 Rows not loaded because all WHEN clauses were failed.
  0 Rows not loaded because all fields were null.


Space allocated for bind array:                 198144 bytes(64 rows)
Read   buffer bytes: 1048576

Total logical records skipped:          0
Total logical records read:             4
Total logical records rejected:         0
Total logical records discarded:        0

Run began on Tue May 19 10:20:41 2015
Run ended on Tue May 19 10:20:41 2015

Elapsed time was:     00:00:00.13
CPU time was:         00:00:00.03
