
SQL*Loader: Release 11.2.0.3.0 - Production on Tue May 19 10:19:37 2015

Copyright (c) 1982, 2011, Oracle and/or its affiliates.  All rights reserved.

Control File:   baid_txn_code.ctl
Data File:      baid_txn_code.ctl
  Bad File:     baid_txn_code.bad
  Discard File:  none specified
 
 (Allow all discards)

Number to load: ALL
Number to skip: 0
Errors allowed: 50
Bind array:     64 rows, maximum of 256000 bytes
Continuation:    none specified
Path used:      Conventional

Table OL_BAID_TXN_CODE, loaded from every logical record.
Insert option in effect for this table: APPEND

   Column Name                  Position   Len  Term Encl Datatype
------------------------------ ---------- ----- ---- ---- ---------------------
OBTC_CODE                           FIRST     *   |       CHARACTER            
OBTC_DESC                            NEXT     *   |       CHARACTER            
OBTC_VOIDABLE                        NEXT     *   |       CHARACTER            
OBTC_AMT_TYPE                        NEXT     *   |       CHARACTER            
OBTC_VOID_CODE                       NEXT     *   |       CHARACTER            
OBTC_DEFAULT_CODE                    NEXT     *   |       CHARACTER            
OBTC_CREATE_TIMESTAMP                                     SYSDATE
OBTC_CREATE_USER                     NEXT     *   |       CHARACTER            
OBTC_UPDATE_TIMESTAMP                                     SYSDATE
OBTC_UPDATE_USER                     NEXT     *   |       CHARACTER            


Table OL_BAID_TXN_CODE:
  4 Rows successfully loaded.
  0 Rows not loaded due to data errors.
  0 Rows not loaded because all WHEN clauses were failed.
  0 Rows not loaded because all fields were null.


Space allocated for bind array:                 132096 bytes(64 rows)
Read   buffer bytes: 1048576

Total logical records skipped:          0
Total logical records read:             4
Total logical records rejected:         0
Total logical records discarded:        0

Run began on Tue May 19 10:19:37 2015
Run ended on Tue May 19 10:19:37 2015

Elapsed time was:     00:00:00.56
CPU time was:         00:00:00.03
