
SQL*Loader: Release 11.2.0.3.0 - Production on Tue May 19 10:23:04 2015

Copyright (c) 1982, 2011, Oracle and/or its affiliates.  All rights reserved.

Control File:   stmt_format_keywords.ctl
Data File:      stmt_format_keywords.ctl
  Bad File:     stmt_format_keywords.bad
  Discard File:  none specified
 
 (Allow all discards)

Number to load: ALL
Number to skip: 0
Errors allowed: 50
Bind array:     64 rows, maximum of 256000 bytes
Continuation:    none specified
Path used:      Conventional

Table OL_STMT_FORMAT_KEYWORDS, loaded from every logical record.
Insert option in effect for this table: APPEND

   Column Name                  Position   Len  Term Encl Datatype
------------------------------ ---------- ----- ---- ---- ---------------------
OLFK_INT_BANK_CODE                  FIRST     *   |       CHARACTER            
OLFK_FORMAT_TYPE                     NEXT     *   |       CHARACTER            
OLFK_FORMAT_VALUE                    NEXT     *   |       CHARACTER            
OLFK_FORMAT_TXN_CODE                 NEXT     *   |       CHARACTER            
OLFK_FORMAT_TEMPLATE                 NEXT     *   |       CHARACTER            
OLFK_FORMAT_COL_NAME                 NEXT     *   |       CHARACTER            
OLFK_DISPLAY_ORDER                   NEXT     *   |       CHARACTER            
OLFK_DISABLED                        NEXT     *   |       CHARACTER            
OLFK_CREATE_TIMESTAMP                                     SYSDATE
OLFK_CREATE_USER                     NEXT     *   |       CHARACTER            
OLFK_UPDATE_TIMESTAMP                                     SYSDATE
OLFK_UPDATE_USER                     NEXT     *   |       CHARACTER            


Table OL_STMT_FORMAT_KEYWORDS:
  4 Rows successfully loaded.
  0 Rows not loaded due to data errors.
  0 Rows not loaded because all WHEN clauses were failed.
  0 Rows not loaded because all fields were null.


Space allocated for bind array:                 165120 bytes(64 rows)
Read   buffer bytes: 1048576

Total logical records skipped:          0
Total logical records read:             4
Total logical records rejected:         0
Total logical records discarded:        0

Run began on Tue May 19 10:23:04 2015
Run ended on Tue May 19 10:23:05 2015

Elapsed time was:     00:00:00.19
CPU time was:         00:00:00.03
