
SQL*Loader: Release 11.2.0.3.0 - Production on Thu Jul 12 12:58:41 2012

Copyright (c) 1982, 2011, Oracle and/or its affiliates.  All rights reserved.

Control File:   par_client_map.ctl
Data File:      par_client_map.txt.prd
  Bad File:     par_client_map.txt.bad
  Discard File:  none specified
 
 (Allow all discards)

Number to load: ALL
Number to skip: 0
Errors allowed: 50
Bind array:     64 rows, maximum of 256000 bytes
Continuation:    none specified
Path used:      Conventional

Table PAR_CLIENT_MAP, loaded from every logical record.
Insert option in effect for this table: APPEND

   Column Name                  Position   Len  Term Encl Datatype
------------------------------ ---------- ----- ---- ---- ---------------------
PCM_CLIENT_GROUP                    FIRST     *   |       CHARACTER            
PCM_CLIENT_GROUP_NAME                NEXT     *   |       CHARACTER            
PCM_MERCH_ACCT_NMB                   NEXT     *   |       CHARACTER            
PCM_USERNAME                         NEXT     *   |       CHARACTER            
PCM_PREFER_CLIENT_ID                 NEXT     *   |       CHARACTER            
PCM_PREFER_MID                       NEXT     *   |       CHARACTER            
PCM_MID_NAME                         NEXT     *   |       CHARACTER            
PCM_CREATE_TIMESTAMP                                      SYSDATE
PCM_CREATE_USER                                           CONSTANT
    Value is 'SYSTEM'
PCM_UPDATE_TIMESTAMP                                      SYSDATE
PCM_UPDATE_USER                                           CONSTANT
    Value is 'SYSTEM'


Table PAR_CLIENT_MAP:
  9 Rows successfully loaded.
  0 Rows not loaded due to data errors.
  0 Rows not loaded because all WHEN clauses were failed.
  0 Rows not loaded because all fields were null.


Space allocated for bind array:                 116480 bytes(64 rows)
Read   buffer bytes: 1048576

Total logical records skipped:          0
Total logical records read:             9
Total logical records rejected:         0
Total logical records discarded:        0

Run began on Thu Jul 12 12:58:41 2012
Run ended on Thu Jul 12 12:58:41 2012

Elapsed time was:     00:00:00.13
CPU time was:         00:00:00.02
