
SQL*Loader: Release 11.2.0.3.0 - Production on Fri May 16 11:40:00 2014

Copyright (c) 1982, 2011, Oracle and/or its affiliates.  All rights reserved.

Control File:   ol_seq_prefix.ctl
Data File:      ol_seq_prefix.ctl
  Bad File:     ol_seq_prefix.bad
  Discard File:  none specified
 
 (Allow all discards)

Number to load: ALL
Number to skip: 0
Errors allowed: 50
Bind array:     64 rows, maximum of 256000 bytes
Continuation:    none specified
Path used:      Conventional

Table OL_SEQ_PREFIX, loaded from every logical record.
Insert option in effect for this table: APPEND

   Column Name                  Position   Len  Term Encl Datatype
------------------------------ ---------- ----- ---- ---- ---------------------
OSP_PREFIX                          FIRST     *   |       CHARACTER            
OSP_DESC                             NEXT     *   |       CHARACTER            
OSP_VAL                              NEXT     *   |       CHARACTER            
OSP_CREATE_TIMESTAMP                                      SYSDATE
OSP_UPDATE_TIMESTAMP                                      SYSDATE
OSP_CREATE_USER                      NEXT     *   |       CHARACTER            
OSP_UPDATE_USER                      NEXT     *   |       CHARACTER            


Table OL_SEQ_PREFIX:
  7 Rows successfully loaded.
  0 Rows not loaded due to data errors.
  0 Rows not loaded because all WHEN clauses were failed.
  0 Rows not loaded because all fields were null.


Space allocated for bind array:                  82560 bytes(64 rows)
Read   buffer bytes: 1048576

Total logical records skipped:          0
Total logical records read:             7
Total logical records rejected:         0
Total logical records discarded:        0

Run began on Fri May 16 11:40:00 2014
Run ended on Fri May 16 11:40:00 2014

Elapsed time was:     00:00:00.24
CPU time was:         00:00:00.01
