
Pro*C/C++: Release 11.2.0.2.0 - Production on Wed May 18 18:38:19 2011

Copyright (c) 1982, 2009, Oracle and/or its affiliates.  All rights reserved.

Error at line 124, column 6 in file MerchStatistic.pc
   124              BEGIN
   124  .....1
   124  PCC-S-02346, PL/SQL found semantic errors
Error at line 126, column 4 in file MerchStatistic.pc
   126                  :hv_return_value := sp_merch_statistic_insert(
   126  ...1
   126  PLS-S-00000, Statement ignored
Error at line 126, column 23 in file MerchStatistic.pc
   126                  :hv_return_value := sp_merch_statistic_insert(
   126  ......................1
   126  PLS-S-00201, identifier 'SP_MERCH_STATISTIC_INSERT' must be declared
Error at line 281, column 6 in file MerchStatistic.pc
   281              BEGIN
   281  .....1
   281  PCC-S-02346, PL/SQL found semantic errors
Error at line 283, column 4 in file MerchStatistic.pc
   283                  :hv_return_value := sp_merch_statistic_insert(
   283  ...1
   283  PLS-S-00000, Statement ignored
Error at line 283, column 23 in file MerchStatistic.pc
   283                  :hv_return_value := sp_merch_statistic_insert(
   283  ......................1
   283  PLS-S-00201, identifier 'SP_MERCH_STATISTIC_INSERT' must be declared
