
SQL*Loader: Release 11.2.0.3.0 - Production on Fri Aug 15 17:51:42 2014

Copyright (c) 1982, 2011, Oracle and/or its affiliates.  All rights reserved.

Control File:   def_party_type.ctl
Data File:      def_party_type.ctl
  Bad File:     def_party_type.bad
  Discard File:  none specified
 
 (Allow all discards)

Number to load: ALL
Number to skip: 0
Errors allowed: 50
Bind array:     64 rows, maximum of 256000 bytes
Continuation:    none specified
Path used:      Conventional

Table OL_DEF_PARTY_TYPE, loaded from every logical record.
Insert option in effect for this table: APPEND

   Column Name                  Position   Len  Term Encl Datatype
------------------------------ ---------- ----- ---- ---- ---------------------
OPT_TYPE                            FIRST     *   |       CHARACTER            
OPT_GROUP                            NEXT     *   |       CHARACTER            
OPT_ORDER_IN_GROUP                   NEXT     *   |       CHARACTER            
OPT_DESC                             NEXT     *   |       CHARACTER            
OPT_CREATE_TIMESTAMP                                      SYSDATE
OPT_UPDATE_TIMESTAMP                                      SYSDATE
OPT_CREATE_USER                      NEXT     *   |       CHARACTER            
OPT_UPDATE_USER                      NEXT     *   |       CHARACTER            


Table OL_DEF_PARTY_TYPE:
  6 Rows successfully loaded.
  0 Rows not loaded due to data errors.
  0 Rows not loaded because all WHEN clauses were failed.
  0 Rows not loaded because all fields were null.


Space allocated for bind array:                  99072 bytes(64 rows)
Read   buffer bytes: 1048576

Total logical records skipped:          0
Total logical records read:             6
Total logical records rejected:         0
Total logical records discarded:        0

Run began on Fri Aug 15 17:51:42 2014
Run ended on Fri Aug 15 17:51:42 2014

Elapsed time was:     00:00:00.09
CPU time was:         00:00:00.02
