
SQL*Loader: Release 11.2.0.3.0 - Production on Thu Jan 22 14:41:38 2015

Copyright (c) 1982, 2011, Oracle and/or its affiliates.  All rights reserved.

Control File:   txn_engine2.ctl
Data File:      txn_engine3.txt
  Bad File:     txn_engine3.bad
  Discard File:  none specified
 
 (Allow all discards)

Number to load: ALL
Number to skip: 0
Errors allowed: 50
Bind array:     64 rows, maximum of 256000 bytes
Continuation:    none specified
Path used:      Conventional

Table OL_TXN_ENGINE, loaded from every logical record.
Insert option in effect for this table: APPEND

   Column Name                  Position   Len  Term Encl Datatype
------------------------------ ---------- ----- ---- ---- ---------------------
OTE_ACTIVITY                        FIRST     *   |       CHARACTER            
OTE_BANK_STMT_TYPE                   NEXT     *   |       CHARACTER            
OTE_CHANNEL                          NEXT     *   |       CHARACTER            
OTE_TRIGGER_TYPE                     NEXT     *   |       CHARACTER            
OTE_RECON_TYPE                       NEXT     *   |       CHARACTER            
OTE_INPUT_BANK_STMT                  NEXT     *   |       CHARACTER            
OTE_ALLOW_STMT_MULTIPLE              NEXT     *   |       CHARACTER            
OTE_INPUT_SYSTEM_TXN                 NEXT     *   |       CHARACTER            
OTE_ALLOW_TXN_MULTIPLE               NEXT     *   |       CHARACTER            
OTE_ACTION_ID                        NEXT     *   |       CHARACTER            
OTE_ALLOW_PENDING_FUND               NEXT     *   |       CHARACTER            
OTE_ALLOW_STMT_PARTIAL               NEXT     *   |       CHARACTER            
OTE_ALLOW_TXN_PARTIAL                NEXT     *   |       CHARACTER            
OTE_INCLUDE_BANK_CHARGE              NEXT     *   |       CHARACTER            
OTE_INCLUDE_INTEREST                 NEXT     *   |       CHARACTER            
OTE_DESCRIPTION                      NEXT     *   |       CHARACTER            
OTE_ALLOW_INSTANT_RECON              NEXT     *   |       CHARACTER            
OTE_CREATE_TIMESTAMP                                      SYSDATE
OTE_UPDATE_TIMESTAMP                                      SYSDATE
OTE_CREATE_USER                      NEXT     *   |       CHARACTER            
OTE_UPDATE_USER                      NEXT     *   |       CHARACTER            

value used for ROWS parameter changed from 64 to 52

Table OL_TXN_ENGINE:
  2 Rows successfully loaded.
  0 Rows not loaded due to data errors.
  0 Rows not loaded because all WHEN clauses were failed.
  0 Rows not loaded because all fields were null.


Space allocated for bind array:                 254904 bytes(52 rows)
Read   buffer bytes: 1048576

Total logical records skipped:          0
Total logical records read:             2
Total logical records rejected:         0
Total logical records discarded:        0

Run began on Thu Jan 22 14:41:38 2015
Run ended on Thu Jan 22 14:41:39 2015

Elapsed time was:     00:00:00.10
CPU time was:         00:00:00.02
