
Pro*C/C++: Release 11.2.0.2.0 - Production on Tue Mar 1 12:20:52 2011

Copyright (c) 1982, 2009, Oracle and/or its affiliates.  All rights reserved.

Error at line 45, column 27 in file DepositReqLog.pc
    45                  varchar         hv_merchant_id[PD_MERCHANT_NO_LEN];
    45  ..........................1
    45  PCC-S-02322, found undefined identifier
Error at line 45, column 27 in file DepositReqLog.pc
    45                  varchar         hv_merchant_id[PD_MERCHANT_NO_LEN];
    45  ..........................1
    45  PCC-S-02322, found undefined identifier
Error at line 47, column 26 in file DepositReqLog.pc
    47                  varchar         hv_channel_id[PD_CHANNEL_ID_LEN];
    47  .........................1
    47  PCC-S-02322, found undefined identifier
Error at line 47, column 26 in file DepositReqLog.pc
    47                  varchar         hv_channel_id[PD_CHANNEL_ID_LEN];
    47  .........................1
    47  PCC-S-02322, found undefined identifier
Error at line 280, column 6 in file DepositReqLog.pc
   280              BEGIN
   280  .....1
   280  PCC-S-02346, PL/SQL found semantic errors
Error at line 282, column 4 in file DepositReqLog.pc
   282                  :hv_return_value := sp_deposit_request_log_insert(
   282  ...1
   282  PLS-S-00000, Statement ignored
Error at line 282, column 23 in file DepositReqLog.pc
   282                  :hv_return_value := sp_deposit_request_log_insert(
   282  ......................1
   282  PLS-S-00201, identifier 'SP_DEPOSIT_REQUEST_LOG_INSERT' must be declare
        d
Error at line 609, column 6 in file DepositReqLog.pc
   609              BEGIN
   609  .....1
   609  PCC-S-02346, PL/SQL found semantic errors
Error at line 611, column 4 in file DepositReqLog.pc
   611                  :hv_return_value := sp_deposit_request_log_delete(
   611  ...1
   611  PLS-S-00000, Statement ignored
Error at line 611, column 23 in file DepositReqLog.pc
   611                  :hv_return_value := sp_deposit_request_log_delete(
   611  ......................1
   611  PLS-S-00201, identifier 'SP_DEPOSIT_REQUEST_LOG_DELETE' must be declare
        d
