
SQL*Loader: Release 11.2.0.3.0 - Production on Wed May 13 15:30:35 2015

Copyright (c) 1982, 2011, Oracle and/or its affiliates.  All rights reserved.

Control File:   txn_eng_act_map.ctl
Data File:      txn_eng_act_map15.txt
  Bad File:     txn_eng_act_map15.bad
  Discard File:  none specified
 
 (Allow all discards)

Number to load: ALL
Number to skip: 0
Errors allowed: 50
Bind array:     64 rows, maximum of 256000 bytes
Continuation:    none specified
Path used:      Conventional

Table OL_TXN_ENGINE_ACTION_MAP, loaded from every logical record.
Insert option in effect for this table: APPEND

   Column Name                  Position   Len  Term Encl Datatype
------------------------------ ---------- ----- ---- ---- ---------------------
EAM_ACTION_ID                       FIRST     *   |       CHARACTER            
EAM_ACTION_DESC                      NEXT     *   |       CHARACTER            
EAM_ACTION_SEQ                       NEXT     *   |       CHARACTER            
EAM_ACTION_DETAIL_ID                 NEXT     *   |       CHARACTER            
EAM_SPC_ACTION                       NEXT     *   |       CHARACTER            
EAM_BEFORE_STATUS_RULE               NEXT     *   |       CHARACTER            
EAM_LINKAGE                          NEXT     *   |       CHARACTER            
EAM_CREATE_TIMESTAMP                                      SYSDATE
EAM_UPDATE_TIMESTAMP                                      SYSDATE
EAM_CREATE_USER                      NEXT     *   |       CHARACTER            
EAM_UPDATE_USER                      NEXT     *   |       CHARACTER            


Table OL_TXN_ENGINE_ACTION_MAP:
  1 Row successfully loaded.
  0 Rows not loaded due to data errors.
  0 Rows not loaded because all WHEN clauses were failed.
  0 Rows not loaded because all fields were null.


Space allocated for bind array:                 148608 bytes(64 rows)
Read   buffer bytes: 1048576

Total logical records skipped:          0
Total logical records read:             1
Total logical records rejected:         0
Total logical records discarded:        0

Run began on Wed May 13 15:30:35 2015
Run ended on Wed May 13 15:30:36 2015

Elapsed time was:     00:00:00.14
CPU time was:         00:00:00.03
