
SQL*Loader: Release 11.2.0.3.0 - Production on Tue Jan 20 20:31:16 2015

Copyright (c) 1982, 2011, Oracle and/or its affiliates.  All rights reserved.

Control File:   txn_engine_status_rule.ctl
Data File:      txn_engine_status_rule.txt
  Bad File:     txn_engine_status_rule.bad
  Discard File:  none specified
 
 (Allow all discards)

Number to load: ALL
Number to skip: 0
Errors allowed: 50
Bind array:     64 rows, maximum of 256000 bytes
Continuation:    none specified
Path used:      Conventional

Table OL_TXN_ENGINE_STATUS_RULE, loaded from every logical record.
Insert option in effect for this table: APPEND

   Column Name                  Position   Len  Term Encl Datatype
------------------------------ ---------- ----- ---- ---- ---------------------
ESR_RULE_ID                         FIRST     *   |       CHARACTER            
ESR_STATUS                           NEXT     *   |       CHARACTER            
ESR_AR_IND                           NEXT     *   |       CHARACTER            
ESR_SUB_STATUS                       NEXT     *   |       CHARACTER            
ESR_RECON_STATUS                     NEXT     *   |       CHARACTER            
ESR_CLASSIFIED_STATUS                NEXT     *   |       CHARACTER            
ESR_CREATE_USER                      NEXT     *   |       CHARACTER            
ESR_CREATE_TIMESTAMP                                      SYSDATE
ESR_UPDATE_TIMESTAMP                                      SYSDATE
ESR_UPDATE_USER                      NEXT     *   |       CHARACTER            

Record 1: Rejected - Error on table OL_TXN_ENGINE_STATUS_RULE.
ORA-00001: unique constraint (PHUSER.OL_TXN_ENGINE_STATUS_RULE_PK) violated

Record 2: Rejected - Error on table OL_TXN_ENGINE_STATUS_RULE.
ORA-00001: unique constraint (PHUSER.OL_TXN_ENGINE_STATUS_RULE_PK) violated

Record 3: Rejected - Error on table OL_TXN_ENGINE_STATUS_RULE.
ORA-00001: unique constraint (PHUSER.OL_TXN_ENGINE_STATUS_RULE_PK) violated

Record 4: Rejected - Error on table OL_TXN_ENGINE_STATUS_RULE.
ORA-00001: unique constraint (PHUSER.OL_TXN_ENGINE_STATUS_RULE_PK) violated

Record 5: Rejected - Error on table OL_TXN_ENGINE_STATUS_RULE.
ORA-00001: unique constraint (PHUSER.OL_TXN_ENGINE_STATUS_RULE_PK) violated

Record 6: Rejected - Error on table OL_TXN_ENGINE_STATUS_RULE.
ORA-00001: unique constraint (PHUSER.OL_TXN_ENGINE_STATUS_RULE_PK) violated

Record 7: Rejected - Error on table OL_TXN_ENGINE_STATUS_RULE.
ORA-00001: unique constraint (PHUSER.OL_TXN_ENGINE_STATUS_RULE_PK) violated


Table OL_TXN_ENGINE_STATUS_RULE:
  1 Row successfully loaded.
  7 Rows not loaded due to data errors.
  0 Rows not loaded because all WHEN clauses were failed.
  0 Rows not loaded because all fields were null.


Space allocated for bind array:                 132096 bytes(64 rows)
Read   buffer bytes: 1048576

Total logical records skipped:          0
Total logical records read:             8
Total logical records rejected:         7
Total logical records discarded:        0

Run began on Tue Jan 20 20:31:16 2015
Run ended on Tue Jan 20 20:31:16 2015

Elapsed time was:     00:00:00.14
CPU time was:         00:00:00.03
