
SQL*Loader: Release 11.2.0.3.0 - Production on Wed Aug 20 10:14:21 2014

Copyright (c) 1982, 2011, Oracle and/or its affiliates.  All rights reserved.

Control File:   bank_name_mapping_new.ctl
Data File:      bank_name_mapping_new.txt
  Bad File:     bank_name_mapping_new.bad
  Discard File:  none specified
 
 (Allow all discards)

Number to load: ALL
Number to skip: 0
Errors allowed: 50
Bind array:     64 rows, maximum of 256000 bytes
Continuation:    none specified
Path used:      Conventional

Table BANK_NAME_MAPPING, loaded from every logical record.
Insert option in effect for this table: APPEND

   Column Name                  Position   Len  Term Encl Datatype
------------------------------ ---------- ----- ---- ---- ---------------------
NM_IN_BANK_NAME                     FIRST     *   |       CHARACTER            
NM_OUT_BANK_NAME                     NEXT     *   |       CHARACTER            
NM_OUT_BANK_CODE                     NEXT     *   |       CHARACTER            
NM_DISABLED                          NEXT     *   |       CHARACTER            
NM_PSP_CHANNEL_ID                    NEXT     *   |       CHARACTER            
NM_CREATE_TIMESTAMP                                       SYSDATE
NM_UPDATE_TIMESTAMP                                       SYSDATE
NM_CREATE_USER                       NEXT     *   |       CHARACTER            
NM_UPDATE_USER                       NEXT     *   |       CHARACTER            


Table BANK_NAME_MAPPING:
  63 Rows successfully loaded.
  0 Rows not loaded due to data errors.
  0 Rows not loaded because all WHEN clauses were failed.
  0 Rows not loaded because all fields were null.


Space allocated for bind array:                 115584 bytes(64 rows)
Read   buffer bytes: 1048576

Total logical records skipped:          0
Total logical records read:            63
Total logical records rejected:         0
Total logical records discarded:        0

Run began on Wed Aug 20 10:14:21 2014
Run ended on Wed Aug 20 10:14:22 2014

Elapsed time was:     00:00:00.78
CPU time was:         00:00:00.03
