
SQL*Loader: Release 11.2.0.3.0 - Production on Wed Mar 11 19:52:57 2015

Copyright (c) 1982, 2011, Oracle and/or its affiliates.  All rights reserved.

Control File:   init.ctl
Data File:      init.txt
  Bad File:     init.bad
  Discard File:  none specified
 
 (Allow all discards)

Number to load: ALL
Number to skip: 0
Errors allowed: 50
Bind array:     64 rows, maximum of 256000 bytes
Continuation:    none specified
Path used:      Conventional

Table CRR_DEF_PARTY_TYPE, loaded from every logical record.
Insert option in effect for this table: APPEND

   Column Name                  Position   Len  Term Encl Datatype
------------------------------ ---------- ----- ---- ---- ---------------------
CPT_TYPE_ID                         FIRST     *   |       CHARACTER            
CPT_DESC                             NEXT     *   |       CHARACTER            
CPT_CREATE_TIMESTAMP                                      SYSDATE
CPT_UPDATE_TIMESTAMP                                      SYSDATE
CPT_CREATE_USER                      NEXT     *   |       CHARACTER            
CPT_UPDATE_USER                      NEXT     *   |       CHARACTER            


Table CRR_DEF_PARTY_TYPE:
  6 Rows successfully loaded.
  0 Rows not loaded due to data errors.
  0 Rows not loaded because all WHEN clauses were failed.
  0 Rows not loaded because all fields were null.


Space allocated for bind array:                  66048 bytes(64 rows)
Read   buffer bytes: 1048576

Total logical records skipped:          0
Total logical records read:             6
Total logical records rejected:         0
Total logical records discarded:        0

Run began on Wed Mar 11 19:52:57 2015
Run ended on Wed Mar 11 19:52:57 2015

Elapsed time was:     00:00:00.10
CPU time was:         00:00:00.02
