
SQL*Loader: Release 11.2.0.3.0 - Production on Fri Jul 13 16:50:34 2012

Copyright (c) 1982, 2011, Oracle and/or its affiliates.  All rights reserved.

Control File:   par_channel_code_map.ctl
Data File:      par_channel_code_map.txt
  Bad File:     par_channel_code_map.bad
  Discard File:  none specified
 
 (Allow all discards)

Number to load: ALL
Number to skip: 0
Errors allowed: 50
Bind array:     64 rows, maximum of 256000 bytes
Continuation:    none specified
Path used:      Conventional

Table PAR_CHANNEL_CODE_MAP, loaded from every logical record.
Insert option in effect for this table: APPEND

   Column Name                  Position   Len  Term Encl Datatype
------------------------------ ---------- ----- ---- ---- ---------------------
CCM_PSP_VNC_CODE                    FIRST     *   |       CHARACTER            
CCM_PSP_VNC_NAME                     NEXT     *   |       CHARACTER            
CCM_CHANNEL_CODE                     NEXT     *   |       CHARACTER            
CCM_CREATE_TIMESTAMP                                      SYSDATE
CCM_CREATE_USER                                           CONSTANT
    Value is 'SYSTEM'
CCM_UPDATE_TIMESTAMP                                      SYSDATE
CCM_UPDATE_USER                                           CONSTANT
    Value is 'SYSTEM'


Table PAR_CHANNEL_CODE_MAP:
  10 Rows successfully loaded.
  0 Rows not loaded due to data errors.
  0 Rows not loaded because all WHEN clauses were failed.
  0 Rows not loaded because all fields were null.


Space allocated for bind array:                  50432 bytes(64 rows)
Read   buffer bytes: 1048576

Total logical records skipped:          0
Total logical records read:            10
Total logical records rejected:         0
Total logical records discarded:        0

Run began on Fri Jul 13 16:50:34 2012
Run ended on Fri Jul 13 16:50:34 2012

Elapsed time was:     00:00:00.09
CPU time was:         00:00:00.02
