
SQL*Loader: Release 11.2.0.3.0 - Production on Mon Jul 16 16:01:38 2012

Copyright (c) 1982, 2011, Oracle and/or its affiliates.  All rights reserved.

Control File:   par_category.ctl
Data File:      par_category.txt
  Bad File:     par_category.bad
  Discard File:  none specified
 
 (Allow all discards)

Number to load: ALL
Number to skip: 0
Errors allowed: 50
Bind array:     64 rows, maximum of 256000 bytes
Continuation:    none specified
Path used:      Conventional

Table PAR_CATEGORY, loaded from every logical record.
Insert option in effect for this table: APPEND

   Column Name                  Position   Len  Term Encl Datatype
------------------------------ ---------- ----- ---- ---- ---------------------
PC_SEQUENCE_TYPE_NAME               FIRST     *   |       CHARACTER            
PC_CATEGORY                          NEXT     *   |       CHARACTER            
PC_TXN_CODE                          NEXT     *   |       CHARACTER            
PC_REVERSAL_TXN_CODE                 NEXT     *   |       CHARACTER            
PC_CREATE_TIMESTAMP                                       SYSDATE
PC_CREATE_USER                                            CONSTANT
    Value is 'SYSTEM'
PC_UPDATE_TIMESTAMP                                       SYSDATE
PC_UPDATE_USER                                            CONSTANT
    Value is 'SYSTEM'


Table PAR_CATEGORY:
  12 Rows successfully loaded.
  0 Rows not loaded due to data errors.
  0 Rows not loaded because all WHEN clauses were failed.
  0 Rows not loaded because all fields were null.


Space allocated for bind array:                  66944 bytes(64 rows)
Read   buffer bytes: 1048576

Total logical records skipped:          0
Total logical records read:            12
Total logical records rejected:         0
Total logical records discarded:        0

Run began on Mon Jul 16 16:01:38 2012
Run ended on Mon Jul 16 16:01:38 2012

Elapsed time was:     00:00:00.17
CPU time was:         00:00:00.01
