
SQL*Loader: Release 11.2.0.3.0 - Production on Fri Jul 13 16:42:49 2012

Copyright (c) 1982, 2011, Oracle and/or its affiliates.  All rights reserved.

Control File:   par_psp_client_map.ctl
Data File:      par_psp_client_map.prd.txt
  Bad File:     par_psp_client_map.prd.bad
  Discard File:  none specified
 
 (Allow all discards)

Number to load: ALL
Number to skip: 0
Errors allowed: 50
Bind array:     64 rows, maximum of 256000 bytes
Continuation:    none specified
Path used:      Conventional

Table PAR_PSP_CLIENT_MAP, loaded from every logical record.
Insert option in effect for this table: APPEND
TRAILING NULLCOLS option in effect

   Column Name                  Position   Len  Term Encl Datatype
------------------------------ ---------- ----- ---- ---- ---------------------
PPM_PSP_CLIENT_GRP                  FIRST     *   ,       CHARACTER            
PPM_PSP_CLIENT_GRP_NAME              NEXT     *   ,       CHARACTER            
PPM_PSP_TYPE_CD                      NEXT     *   ,       CHARACTER            
PPM_PSP_TYPE_NAME                    NEXT     *   ,       CHARACTER            
PPM_PSP_CODE                         NEXT     *   ,       CHARACTER            
PPM_PSP_NAME                         NEXT     *   ,       CHARACTER            
PPM_TXN_TYPE                         NEXT     *   ,       CHARACTER            
    SQL string for column : "decode(:ppm_txn_type, '1', 'A', '3', 'P', :ppm_txn_type)"
PPM_COUNTRY                          NEXT     *   ,       CHARACTER            
PPM_CCY_ID                           NEXT     *   ,       CHARACTER            
PPM_PRESET_PID                       NEXT     *   ,       CHARACTER            
PPM_PRESET_PSP_NAME                  NEXT     *   ,       CHARACTER            
PPM_PSP_TYPE                         NEXT     *  WHT      CHARACTER            
PPM_CREATE_TIMESTAMP                                      SYSDATE
PPM_CREATE_USER                                           CONSTANT
    Value is 'SYSTEM'
PPM_UPDATE_TIMESTAMP                                      SYSDATE
PPM_UPDATE_USER                                           CONSTANT
    Value is 'SYSTEM'


Table PAR_PSP_CLIENT_MAP:
  66 Rows successfully loaded.
  0 Rows not loaded due to data errors.
  0 Rows not loaded because all WHEN clauses were failed.
  0 Rows not loaded because all fields were null.


Space allocated for bind array:                 199040 bytes(64 rows)
Read   buffer bytes: 1048576

Total logical records skipped:          0
Total logical records read:            66
Total logical records rejected:         0
Total logical records discarded:        0

Run began on Fri Jul 13 16:42:49 2012
Run ended on Fri Jul 13 16:42:49 2012

Elapsed time was:     00:00:00.09
CPU time was:         00:00:00.03
