
SQL*Loader: Release 11.2.0.3.0 - Production on Wed May 20 11:50:23 2015

Copyright (c) 1982, 2011, Oracle and/or its affiliates.  All rights reserved.

Control File:   stmt_match_filter.ctl
Data File:      stmt_match_filter.txt
  Bad File:     stmt_match_filter.bad
  Discard File:  none specified
 
 (Allow all discards)

Number to load: ALL
Number to skip: 0
Errors allowed: 50
Bind array:     64 rows, maximum of 256000 bytes
Continuation:    none specified
Path used:      Conventional

Table OL_STMT_MATCH_FILTER, loaded from every logical record.
Insert option in effect for this table: APPEND

   Column Name                  Position   Len  Term Encl Datatype
------------------------------ ---------- ----- ---- ---- ---------------------
OSMF_ACTION_FILTER_ID               FIRST     *   |       CHARACTER            
OSMF_SEQUENCE                        NEXT     *   |       CHARACTER            
OSMF_GROUP                           NEXT     *   |       CHARACTER            
OSMF_PARTY                           NEXT     *   |       CHARACTER            
OSMF_FILTER                          NEXT     *   |       CHARACTER            
OSMF_OPERATOR                        NEXT     *   |       CHARACTER            
OSMF_VALUE                           NEXT     *   |       CHARACTER            
OSMF_FROM_INPUT                      NEXT     *   |       CHARACTER            
OSMF_TO_OUTPUT                       NEXT     *   |       CHARACTER            
OSMF_SPECIAL_HANDLING                NEXT     *   |       CHARACTER            
OSMF_DISABLED                        NEXT     *   |       CHARACTER            
OSMF_CREATE_TIMESTAMP                                     SYSDATE
OSMF_CREATE_USER                     NEXT     *   |       CHARACTER            
OSMF_UPDATE_TIMESTAMP                                     SYSDATE
OSMF_UPDATE_USER                     NEXT     *   |       CHARACTER            


Table OL_STMT_MATCH_FILTER:
  60 Rows successfully loaded.
  0 Rows not loaded due to data errors.
  0 Rows not loaded because all WHEN clauses were failed.
  0 Rows not loaded because all fields were null.


Space allocated for bind array:                 214656 bytes(64 rows)
Read   buffer bytes: 1048576

Total logical records skipped:          0
Total logical records read:            60
Total logical records rejected:         0
Total logical records discarded:        0

Run began on Wed May 20 11:50:23 2015
Run ended on Wed May 20 11:50:24 2015

Elapsed time was:     00:00:00.38
CPU time was:         00:00:00.03
