
SQL*Loader: Release 11.2.0.3.0 - Production on Tue May 19 10:25:26 2015

Copyright (c) 1982, 2011, Oracle and/or its affiliates.  All rights reserved.

Control File:   stmt_match_rule_with_data.ctl
Data File:      stmt_match_rule_with_data.ctl
  Bad File:     stmt_match_rule_with_data.bad
  Discard File:  none specified
 
 (Allow all discards)

Number to load: ALL
Number to skip: 0
Errors allowed: 50
Bind array:     64 rows, maximum of 256000 bytes
Continuation:    none specified
Path used:      Conventional

Table OL_STMT_MATCH_RULE, loaded from every logical record.
Insert option in effect for this table: APPEND

   Column Name                  Position   Len  Term Encl Datatype
------------------------------ ---------- ----- ---- ---- ---------------------
OSMR_RULE_ID                        FIRST     *   |       CHARACTER            
OSMR_SUB_RULE_ID                     NEXT     *   |       CHARACTER            
OSMR_ACTION_SEQ                      NEXT     *   |       CHARACTER            
OSMR_ACTION_TYPE                     NEXT     *   |       CHARACTER            
OSMR_ACTION_FILTER_ID                NEXT     *   |       CHARACTER            
OSMR_EXIT_ON_ERROR                   NEXT     *   |       CHARACTER            
OSMR_DISABLED                        NEXT     *   |       CHARACTER            
OSMR_CREATE_TIMESTAMP                                     SYSDATE
OSMR_CREATE_USER                     NEXT     *   |       CHARACTER            
OSMR_UPDATE_TIMESTAMP                                     SYSDATE
OSMR_UPDATE_USER                     NEXT     *   |       CHARACTER            


Table OL_STMT_MATCH_RULE:
  4 Rows successfully loaded.
  0 Rows not loaded due to data errors.
  0 Rows not loaded because all WHEN clauses were failed.
  0 Rows not loaded because all fields were null.


Space allocated for bind array:                 148608 bytes(64 rows)
Read   buffer bytes: 1048576

Total logical records skipped:          0
Total logical records read:             4
Total logical records rejected:         0
Total logical records discarded:        0

Run began on Tue May 19 10:25:26 2015
Run ended on Tue May 19 10:25:26 2015

Elapsed time was:     00:00:00.17
CPU time was:         00:00:00.03
