
SQL*Loader: Release 11.2.0.3.0 - Production on Wed May 20 11:40:49 2015

Copyright (c) 1982, 2011, Oracle and/or its affiliates.  All rights reserved.

Control File:   stmt_match_filter_map.ctl
Data File:      stmt_match_filter_map.txt
  Bad File:     stmt_match_filter_map.bad
  Discard File:  none specified
 
 (Allow all discards)

Number to load: ALL
Number to skip: 0
Errors allowed: 50
Bind array:     64 rows, maximum of 256000 bytes
Continuation:    none specified
Path used:      Conventional

Table OL_STMT_MATCH_FILTER_MAP, loaded from every logical record.
Insert option in effect for this table: APPEND

   Column Name                  Position   Len  Term Encl Datatype
------------------------------ ---------- ----- ---- ---- ---------------------
OSMM_ACTION_TYPE                    FIRST     *   |       CHARACTER            
OSMM_PARTY                           NEXT     *   |       CHARACTER            
OSMM_FILTER                          NEXT     *   |       CHARACTER            
OSMM_FIELD                           NEXT     *   |       CHARACTER            
OSMM_ADD_SINGLE_QUOTE                NEXT     *   |       CHARACTER            
OSMM_DISABLED                        NEXT     *   |       CHARACTER            
OSMM_CREATE_TIMESTAMP                                     SYSDATE
OSMM_CREATE_USER                     NEXT     *   |       CHARACTER            
OSMM_UPDATE_TIMESTAMP                                     SYSDATE
OSMM_UPDATE_USER                     NEXT     *   |       CHARACTER            


Table OL_STMT_MATCH_FILTER_MAP:
  17 Rows successfully loaded.
  0 Rows not loaded due to data errors.
  0 Rows not loaded because all WHEN clauses were failed.
  0 Rows not loaded because all fields were null.


Space allocated for bind array:                 132096 bytes(64 rows)
Read   buffer bytes: 1048576

Total logical records skipped:          0
Total logical records read:            17
Total logical records rejected:         0
Total logical records discarded:        0

Run began on Wed May 20 11:40:49 2015
Run ended on Wed May 20 11:40:50 2015

Elapsed time was:     00:00:00.78
CPU time was:         00:00:00.03
