
SQL*Loader: Release 11.2.0.3.0 - Production on Tue Jan 14 18:17:05 2014

Copyright (c) 1982, 2011, Oracle and/or its affiliates.  All rights reserved.

Control File:   ol_def_payout_group.ctl
Data File:      ol_def_payout_group.ctl
  Bad File:     ol_def_payout_group.bad
  Discard File:  none specified
 
 (Allow all discards)

Number to load: ALL
Number to skip: 0
Errors allowed: 50
Bind array:     64 rows, maximum of 256000 bytes
Continuation:    none specified
Path used:      Conventional

Table OL_DEF_PAYOUT_GROUP, loaded from every logical record.
Insert option in effect for this table: APPEND

   Column Name                  Position   Len  Term Encl Datatype
------------------------------ ---------- ----- ---- ---- ---------------------
OPG_GROUP                           FIRST     *   |       CHARACTER            
OPG_DESC                             NEXT     *   |       CHARACTER            
OPG_CREATE_TIMESTAMP                                      SYSDATE
OPG_UPDATE_TIMESTAMP                                      SYSDATE
OPG_CREATE_USER                      NEXT     *   |       CHARACTER            
OPG_UPDATE_USER                      NEXT     *   |       CHARACTER            


Table OL_DEF_PAYOUT_GROUP:
  4 Rows successfully loaded.
  0 Rows not loaded due to data errors.
  0 Rows not loaded because all WHEN clauses were failed.
  0 Rows not loaded because all fields were null.


Space allocated for bind array:                  66048 bytes(64 rows)
Read   buffer bytes: 1048576

Total logical records skipped:          0
Total logical records read:             4
Total logical records rejected:         0
Total logical records discarded:        0

Run began on Tue Jan 14 18:17:05 2014
Run ended on Tue Jan 14 18:17:05 2014

Elapsed time was:     00:00:00.09
CPU time was:         00:00:00.03
