
Pro*C/C++: Release 11.2.0.3.0 - Production on Wed Jul 23 10:37:08 2014

Copyright (c) 1982, 2011, Oracle and/or its affiliates.  All rights reserved.

Error at line 104, column 18 in file check_service_txn.pc
   104          EXEC SQL DECLARE c_cursor_gettxn CURSOR FOR
   104  .................1
   104  CSF-S-00352, out of bounds bind position from PL/SQL
Error at line 104, column 18 in file check_service_txn.pc
   104          EXEC SQL DECLARE c_cursor_gettxn CURSOR FOR
   104  .................1
   104  CSF-S-00422, no PL/SQL translation for the bindtype given for this bind
         variable
Error at line 104, column 18 in file check_service_txn.pc
   104          EXEC SQL DECLARE c_cursor_gettxn CURSOR FOR
   104  .................1
   104  CSF-S-00000, Compilation unit analysis terminated
Error at line 108, column 28 in file check_service_txn.pc
   108                  where   mb_service_code = :hv_service
   108  ...........................1
   108  PCC-S-02322, found undefined identifier
Error at line 108, column 28 in file check_service_txn.pc
   108                  where   mb_service_code = :hv_service
   108  ...........................1
   108  CSF-S-02322, found undefined identifier
