
Pro*C/C++: Release 11.2.0.3.0 - Production on Wed Oct 9 16:08:19 2013

Copyright (c) 1982, 2011, Oracle and/or its affiliates.  All rights reserved.

Error at line 0, column 0 in file switch_service.pc
PCC-F-02102, Fatal error while doing C preprocessing
Error at line 207, column 33 in file switch_service.pc
   207                  else if(!strcmp(cs_mode,"S2P"){
   207  ................................1
   207  PCC-S-02201, Encountered the symbol "{" when expecting one of the follo
        wing:
        
           , = ( ) [ * ? | & < > + - / % . ^ *= /= %= += -= <<= >>= &&=
           ||= ^= | & == != <= >= << >> ++ -- ->
        The symbol ")" was substituted for "{" to continue.
        
Error at line 212, column 33 in file switch_service.pc
   212                  else if(!strcmp(cs_mode,"CLS"){
   212  ................................1
   212  PCC-S-02201, Encountered the symbol "{" when expecting one of the follo
        wing:
        
           , = ( ) [ * ? | & < > + - / % . ^ *= /= %= += -= <<= >>= &&=
           ||= ^= | & == != <= >= << >> ++ -- ->
        The symbol ")" was substituted for "{" to continue.
        
Error at line 221, column 28 in file switch_service.pc
   221                  if(!strcmp(cs_mode,"CLS"){
   221  ...........................1
   221  PCC-S-02201, Encountered the symbol "{" when expecting one of the follo
        wing:
        
           , = ( ) [ * ? | & < > + - / % . ^ *= /= %= += -= <<= >>= &&=
           ||= ^= | & == != <= >= << >> ++ -- ->
        The symbol ")" was substituted for "{" to continue.
        
