
Pro*C/C++: Release 11.2.0.3.0 - Production on Tue Oct 25 12:56:31 2011

Copyright (c) 1982, 2011, Oracle and/or its affiliates.  All rights reserved.

Error at line 84, column 6 in file MerchUrl.pc
    84              BEGIN
    84  .....1
    84  PCC-S-02346, PL/SQL found semantic errors
Error at line 86, column 4 in file MerchUrl.pc
    86                  :hv_return_value := sp_merch_url_insert(
    86  ...1
    86  PLS-S-00000, Statement ignored
Error at line 86, column 23 in file MerchUrl.pc
    86                  :hv_return_value := sp_merch_url_insert(
    86  ......................1
    86  PLS-S-00201, identifier 'SP_MERCH_URL_INSERT' must be declared
Error at line 149, column 6 in file MerchUrl.pc
   149              BEGIN
   149  .....1
   149  PCC-S-02346, PL/SQL found semantic errors
Error at line 151, column 4 in file MerchUrl.pc
   151                  :hv_return_value := sp_merch_url_delete(
   151  ...1
   151  PLS-S-00000, Statement ignored
Error at line 151, column 23 in file MerchUrl.pc
   151                  :hv_return_value := sp_merch_url_delete(
   151  ......................1
   151  PLS-S-00201, identifier 'SP_MERCH_URL_DELETE' must be declared
Error at line 207, column 54 in file MerchUrl.pc
   207          EXEC SQL DECLARE c_cursor_getmerchurl CURSOR FOR
   207  .....................................................1
   207  PLS-S-00201, identifier 'MERCH_URL' must be declared
Error at line 207, column 54 in file MerchUrl.pc
   207          EXEC SQL DECLARE c_cursor_getmerchurl CURSOR FOR
   207  .....................................................1
   207  PLS-S-00000, SQL Statement ignored
Error at line 207, column 54 in file MerchUrl.pc
   207          EXEC SQL DECLARE c_cursor_getmerchurl CURSOR FOR
   207  .....................................................1
   207  PCC-S-02346, PL/SQL found semantic errors
