
SQL*Loader: Release 11.2.0.3.0 - Production on Mon Jan 19 16:07:58 2015

Copyright (c) 1982, 2011, Oracle and/or its affiliates.  All rights reserved.

Control File:   txn_engine_linkage.ctl
Data File:      txn_engine_linkage.ctl
  Bad File:     txn_engine_linkage.bad
  Discard File:  none specified
 
 (Allow all discards)

Number to load: ALL
Number to skip: 0
Errors allowed: 50
Bind array:     64 rows, maximum of 256000 bytes
Continuation:    none specified
Path used:      Conventional

Table OL_TXN_ENGINE_LINKAGE, loaded from every logical record.
Insert option in effect for this table: APPEND

   Column Name                  Position   Len  Term Encl Datatype
------------------------------ ---------- ----- ---- ---- ---------------------
TEL_RULE_ID                         FIRST     *   |       CHARACTER            
TEL_LINK_LEVEL                       NEXT     *   |       CHARACTER            
TEL_IS_OVERRIDE_TXNID                NEXT     *   |       CHARACTER            
TEL_RELATION_TYPE                    NEXT     *   |       CHARACTER            
TEL_CREATE_TIMESTAMP                                      SYSDATE
TEL_UPDATE_TIMESTAMP                                      SYSDATE
TEL_CREATE_USER                      NEXT     *   |       CHARACTER            
TEL_UPDATE_USER                      NEXT     *   |       CHARACTER            

Record 1: Rejected - Error on table OL_TXN_ENGINE_LINKAGE.
ORA-00001: unique constraint (PHUSER.OL_TXN_ENGINE_LINKAGE_PK) violated

Record 2: Rejected - Error on table OL_TXN_ENGINE_LINKAGE.
ORA-00001: unique constraint (PHUSER.OL_TXN_ENGINE_LINKAGE_PK) violated

Record 3: Rejected - Error on table OL_TXN_ENGINE_LINKAGE.
ORA-00001: unique constraint (PHUSER.OL_TXN_ENGINE_LINKAGE_PK) violated

Record 4: Rejected - Error on table OL_TXN_ENGINE_LINKAGE.
ORA-00001: unique constraint (PHUSER.OL_TXN_ENGINE_LINKAGE_PK) violated

Record 5: Rejected - Error on table OL_TXN_ENGINE_LINKAGE.
ORA-00001: unique constraint (PHUSER.OL_TXN_ENGINE_LINKAGE_PK) violated

Record 6: Rejected - Error on table OL_TXN_ENGINE_LINKAGE.
ORA-00001: unique constraint (PHUSER.OL_TXN_ENGINE_LINKAGE_PK) violated


Table OL_TXN_ENGINE_LINKAGE:
  1 Row successfully loaded.
  6 Rows not loaded due to data errors.
  0 Rows not loaded because all WHEN clauses were failed.
  0 Rows not loaded because all fields were null.


Space allocated for bind array:                  99072 bytes(64 rows)
Read   buffer bytes: 1048576

Total logical records skipped:          0
Total logical records read:             7
Total logical records rejected:         6
Total logical records discarded:        0

Run began on Mon Jan 19 16:07:58 2015
Run ended on Mon Jan 19 16:07:59 2015

Elapsed time was:     00:00:00.64
CPU time was:         00:00:00.03
