
SQL*Loader: Release 11.2.0.3.0 - Production on Tue Jun 16 18:15:33 2015

Copyright (c) 1982, 2011, Oracle and/or its affiliates.  All rights reserved.

Control File:   header.ctl
Data File:      header.txt
  Bad File:     header.bad
  Discard File:  none specified
 
 (Allow all discards)

Number to load: ALL
Number to skip: 0
Errors allowed: 50
Bind array:     64 rows, maximum of 256000 bytes
Continuation:    none specified
Path used:      Conventional

Table OL_PAYOUT_GENERATED_FILE_HD_PD, loaded from every logical record.
Insert option in effect for this table: APPEND

   Column Name                  Position   Len  Term Encl Datatype
------------------------------ ---------- ----- ---- ---- ---------------------
OFH_FILE_ID                         FIRST     *   |       CHARACTER            
OFH_FILE_DATE                        NEXT     *   |       CHARACTER            
OFH_FILE_PID                         NEXT     *   |       CHARACTER            
OFH_FILE_BANK_CODE                   NEXT     *   |       CHARACTER            
OFH_SEQ_NUM                          NEXT     *   |       CHARACTER            
OFH_FILENAME                         NEXT     *   |       CHARACTER            
OFH_STATUS                           NEXT     *   |       CHARACTER            
OFH_TXN_COUNT                        NEXT     *   |       CHARACTER            
OFH_TOTAL_TXN_AMT                    NEXT     *   |       CHARACTER            
OFH_CCY_ID                           NEXT     *   |       CHARACTER            
OFH_CREATE_TIMESTAMP                                      SYSDATE
OFH_UPDATE_TIMESTAMP                                      SYSDATE


Table OL_PAYOUT_GENERATED_FILE_HD_PD:
  1 Row successfully loaded.
  0 Rows not loaded due to data errors.
  0 Rows not loaded because all WHEN clauses were failed.
  0 Rows not loaded because all fields were null.


Space allocated for bind array:                 165120 bytes(64 rows)
Read   buffer bytes: 1048576

Total logical records skipped:          0
Total logical records read:             1
Total logical records rejected:         0
Total logical records discarded:        0

Run began on Tue Jun 16 18:15:33 2015
Run ended on Tue Jun 16 18:15:33 2015

Elapsed time was:     00:00:00.09
CPU time was:         00:00:00.03
